<?xml version="1.0" encoding="UTF-8"?>
<!-- Generated by org.testng.reporters.JUnitReportReporter -->
<testsuite hostname="LAPTOP-O10G5P3M" failures="0" tests="1" name="com.qa.pageTestLayer.LoginPageTest" time="18.280" errors="0" timestamp="2023-03-26T18:09:10 IST" skipped="0">
  <testcase classname="com.qa.pageTestLayer.LoginPageTest" name="verifyLoginFunctinality" time="18.280"/>
  <system-out/>
</testsuite> <!-- com.qa.pageTestLayer.LoginPageTest -->
